<?xml version="1.0" encoding="UTF-8"?>
<testsuite name="io.turntabl.NumbersTest" tests="1" skipped="0" failures="0" errors="0" timestamp="2019-11-04T11:07:30" hostname="DESKTOP-HNKBK2E" time="0.004">
  <properties/>
  <testcase name="testGreaterThanAThousand" classname="io.turntabl.NumbersTest" time="0.004"/>
  <system-out><![CDATA[]]></system-out>
  <system-err><![CDATA[]]></system-err>
</testsuite>
